<?xml version="1.0" encoding="UTF-8"?>
<testng-results skipped="0" failed="0" ignored="0" total="6" passed="6">
  <reporter-output>
  </reporter-output>
  <suite name="Default suite" duration-ms="83190" started-at="2019-07-11T12:16:27Z" finished-at="2019-07-11T12:17:50Z">
    <groups>
    </groups>
    <test name="Default test" duration-ms="83190" started-at="2019-07-11T12:16:27Z" finished-at="2019-07-11T12:17:50Z">
      <class name="com.sele.testng.Scenario1">
        <test-method status="PASS" signature="startReportBeforeTest()[pri:0, instance:com.sele.testng.Scenario1@42d80b78]" name="startReportBeforeTest" is-config="true" duration-ms="3160" started-at="2019-07-11T12:16:27Z" finished-at="2019-07-11T12:16:30Z">
          <reporter-output>
          </reporter-output>
        </test-method> <!-- startReportBeforeTest -->
        <test-method status="PASS" signature="open()[pri:1, instance:com.sele.testng.Scenario1@42d80b78]" name="open" duration-ms="24646" started-at="2019-07-11T12:16:30Z" finished-at="2019-07-11T12:16:55Z">
          <reporter-output>
          </reporter-output>
        </test-method> <!-- open -->
        <test-method status="PASS" signature="getResultAfterMethod(org.testng.ITestResult)[pri:0, instance:com.sele.testng.Scenario1@42d80b78]" name="getResultAfterMethod" is-config="true" duration-ms="23" started-at="2019-07-11T12:16:55Z" finished-at="2019-07-11T12:16:55Z">
          <params>
            <param index="0">
              <value>
                <![CDATA[[TestResult name=open status=SUCCESS method=Scenario1.open()[pri:1, instance:com.sele.testng.Scenario1@42d80b78] output={null}]]]>
              </value>
            </param>
          </params>
          <reporter-output>
          </reporter-output>
        </test-method> <!-- getResultAfterMethod -->
        <test-method status="PASS" signature="testRegistration()[pri:2, instance:com.sele.testng.Scenario1@42d80b78]" name="testRegistration" duration-ms="19661" started-at="2019-07-11T12:16:55Z" finished-at="2019-07-11T12:17:15Z">
          <reporter-output>
          </reporter-output>
        </test-method> <!-- testRegistration -->
        <test-method status="PASS" signature="getResultAfterMethod(org.testng.ITestResult)[pri:0, instance:com.sele.testng.Scenario1@42d80b78]" name="getResultAfterMethod" is-config="true" duration-ms="0" started-at="2019-07-11T12:17:15Z" finished-at="2019-07-11T12:17:15Z">
          <params>
            <param index="0">
              <value>
                <![CDATA[[TestResult name=testRegistration status=SUCCESS method=Scenario1.testRegistration()[pri:2, instance:com.sele.testng.Scenario1@42d80b78] output={null}]]]>
              </value>
            </param>
          </params>
          <reporter-output>
          </reporter-output>
        </test-method> <!-- getResultAfterMethod -->
        <test-method status="PASS" signature="testLogin()[pri:3, instance:com.sele.testng.Scenario1@42d80b78]" name="testLogin" duration-ms="5764" started-at="2019-07-11T12:17:15Z" finished-at="2019-07-11T12:17:20Z">
          <reporter-output>
          </reporter-output>
        </test-method> <!-- testLogin -->
        <test-method status="PASS" signature="getResultAfterMethod(org.testng.ITestResult)[pri:0, instance:com.sele.testng.Scenario1@42d80b78]" name="getResultAfterMethod" is-config="true" duration-ms="1" started-at="2019-07-11T12:17:20Z" finished-at="2019-07-11T12:17:20Z">
          <params>
            <param index="0">
              <value>
                <![CDATA[[TestResult name=testLogin status=SUCCESS method=Scenario1.testLogin()[pri:3, instance:com.sele.testng.Scenario1@42d80b78] output={null}]]]>
              </value>
            </param>
          </params>
          <reporter-output>
          </reporter-output>
        </test-method> <!-- getResultAfterMethod -->
        <test-method status="PASS" signature="testCart()[pri:4, instance:com.sele.testng.Scenario1@42d80b78]" name="testCart" duration-ms="7803" started-at="2019-07-11T12:17:20Z" finished-at="2019-07-11T12:17:28Z">
          <reporter-output>
          </reporter-output>
        </test-method> <!-- testCart -->
        <test-method status="PASS" signature="getResultAfterMethod(org.testng.ITestResult)[pri:0, instance:com.sele.testng.Scenario1@42d80b78]" name="getResultAfterMethod" is-config="true" duration-ms="0" started-at="2019-07-11T12:17:28Z" finished-at="2019-07-11T12:17:28Z">
          <params>
            <param index="0">
              <value>
                <![CDATA[[TestResult name=testCart status=SUCCESS method=Scenario1.testCart()[pri:4, instance:com.sele.testng.Scenario1@42d80b78] output={null}]]]>
              </value>
            </param>
          </params>
          <reporter-output>
          </reporter-output>
        </test-method> <!-- getResultAfterMethod -->
        <test-method status="PASS" signature="testPayment()[pri:5, instance:com.sele.testng.Scenario1@42d80b78]" name="testPayment" duration-ms="21165" started-at="2019-07-11T12:17:28Z" finished-at="2019-07-11T12:17:49Z">
          <reporter-output>
          </reporter-output>
        </test-method> <!-- testPayment -->
        <test-method status="PASS" signature="getResultAfterMethod(org.testng.ITestResult)[pri:0, instance:com.sele.testng.Scenario1@42d80b78]" name="getResultAfterMethod" is-config="true" duration-ms="1" started-at="2019-07-11T12:17:49Z" finished-at="2019-07-11T12:17:49Z">
          <params>
            <param index="0">
              <value>
                <![CDATA[[TestResult name=testPayment status=SUCCESS method=Scenario1.testPayment()[pri:5, instance:com.sele.testng.Scenario1@42d80b78] output={null}]]]>
              </value>
            </param>
          </params>
          <reporter-output>
          </reporter-output>
        </test-method> <!-- getResultAfterMethod -->
        <test-method status="PASS" signature="testLogout()[pri:7, instance:com.sele.testng.Scenario1@42d80b78]" name="testLogout" duration-ms="6" started-at="2019-07-11T12:17:49Z" finished-at="2019-07-11T12:17:49Z">
          <reporter-output>
          </reporter-output>
        </test-method> <!-- testLogout -->
        <test-method status="PASS" signature="getResultAfterMethod(org.testng.ITestResult)[pri:0, instance:com.sele.testng.Scenario1@42d80b78]" name="getResultAfterMethod" is-config="true" duration-ms="1" started-at="2019-07-11T12:17:49Z" finished-at="2019-07-11T12:17:49Z">
          <params>
            <param index="0">
              <value>
                <![CDATA[[TestResult name=testLogout status=SUCCESS method=Scenario1.testLogout()[pri:7, instance:com.sele.testng.Scenario1@42d80b78] output={null}]]]>
              </value>
            </param>
          </params>
          <reporter-output>
          </reporter-output>
        </test-method> <!-- getResultAfterMethod -->
        <test-method status="PASS" signature="endReportAfterTest()[pri:0, instance:com.sele.testng.Scenario1@42d80b78]" name="endReportAfterTest" is-config="true" duration-ms="906" started-at="2019-07-11T12:17:49Z" finished-at="2019-07-11T12:17:50Z">
          <reporter-output>
          </reporter-output>
        </test-method> <!-- endReportAfterTest -->
      </class> <!-- com.sele.testng.Scenario1 -->
    </test> <!-- Default test -->
  </suite> <!-- Default suite -->
</testng-results>
