<?xml version="1.0" encoding="UTF-8"?>
<!-- Generated by org.testng.reporters.JUnitXMLReporter -->
<testsuite hostname="HDC2-L-2CF7QQ2" ignored="0" name="Regression1" tests="3" failures="0" timestamp="02 Jul 2019 04:41:40 GMT" time="0.032" errors="0">
  <testcase name="f" time="0.0" classname="com.sele.testng.DemoTestNg"/>
  <testcase name="f1" time="0.0" classname="com.sele.testng.DemoTestNg"/>
  <testcase name="test3" time="0.0" classname="com.sele.testng.DemoTestng2"/>
</testsuite> <!-- Regression1 -->
