<?xml version="1.0" encoding="UTF-8"?>
<!-- Generated by org.testng.reporters.JUnitXMLReporter -->
<testsuite hostname="HDC2-D-C8CSXJ2" ignored="0" name="Default test" tests="6" failures="0" timestamp="11 Jul 2019 12:17:50 GMT" time="83.19" errors="0">
  <testcase name="open" time="24.646" classname="com.sele.testng.Scenario1"/>
  <testcase name="testRegistration" time="19.661" classname="com.sele.testng.Scenario1"/>
  <testcase name="testLogin" time="5.764" classname="com.sele.testng.Scenario1"/>
  <testcase name="testCart" time="7.803" classname="com.sele.testng.Scenario1"/>
  <testcase name="testPayment" time="21.165" classname="com.sele.testng.Scenario1"/>
  <testcase name="testLogout" time="0.006" classname="com.sele.testng.Scenario1"/>
</testsuite> <!-- Default test -->
